0 info it worked if it ends with ok
1 verbose cli [ '/usr/local/bin/node',
1 verbose cli   '/usr/local/bin/npm',
1 verbose cli   'install',
1 verbose cli   'grunt-karma',
1 verbose cli   'karma-ng-html2js-preprocessor',
1 verbose cli   'karma-ng-scenario',
1 verbose cli   '--save-dev' ]
2 info using npm@1.3.11
3 info using node@v0.10.21
4 warn package.json publicweb@0.0.0 No description
5 warn package.json publicweb@0.0.0 No repository field.
6 warn package.json publicweb@0.0.0 No README data
7 verbose readDependencies using package.json deps
8 verbose cache add [ 'grunt-karma', null ]
9 verbose cache add name=undefined spec="grunt-karma" args=["grunt-karma",null]
10 verbose parsed url { protocol: null,
10 verbose parsed url   slashes: null,
10 verbose parsed url   auth: null,
10 verbose parsed url   host: null,
10 verbose parsed url   port: null,
10 verbose parsed url   hostname: null,
10 verbose parsed url   hash: null,
10 verbose parsed url   search: null,
10 verbose parsed url   query: null,
10 verbose parsed url   pathname: 'grunt-karma',
10 verbose parsed url   path: 'grunt-karma',
10 verbose parsed url   href: 'grunt-karma' }
11 verbose cache add [ 'karma-ng-html2js-preprocessor', null ]
12 verbose cache add name=undefined spec="karma-ng-html2js-preprocessor" args=["karma-ng-html2js-preprocessor",null]
13 verbose parsed url { protocol: null,
13 verbose parsed url   slashes: null,
13 verbose parsed url   auth: null,
13 verbose parsed url   host: null,
13 verbose parsed url   port: null,
13 verbose parsed url   hostname: null,
13 verbose parsed url   hash: null,
13 verbose parsed url   search: null,
13 verbose parsed url   query: null,
13 verbose parsed url   pathname: 'karma-ng-html2js-preprocessor',
13 verbose parsed url   path: 'karma-ng-html2js-preprocessor',
13 verbose parsed url   href: 'karma-ng-html2js-preprocessor' }
14 verbose cache add [ 'karma-ng-scenario', null ]
15 verbose cache add name=undefined spec="karma-ng-scenario" args=["karma-ng-scenario",null]
16 verbose parsed url { protocol: null,
16 verbose parsed url   slashes: null,
16 verbose parsed url   auth: null,
16 verbose parsed url   host: null,
16 verbose parsed url   port: null,
16 verbose parsed url   hostname: null,
16 verbose parsed url   hash: null,
16 verbose parsed url   search: null,
16 verbose parsed url   query: null,
16 verbose parsed url   pathname: 'karma-ng-scenario',
16 verbose parsed url   path: 'karma-ng-scenario',
16 verbose parsed url   href: 'karma-ng-scenario' }
17 silly lockFile 707ccff9-grunt-karma grunt-karma
18 verbose lock grunt-karma /home/ykyoon/.npm/707ccff9-grunt-karma.lock
19 silly lockFile 18de6d31-karma-ng-html2js-preprocessor karma-ng-html2js-preprocessor
20 verbose lock karma-ng-html2js-preprocessor /home/ykyoon/.npm/18de6d31-karma-ng-html2js-preprocessor.lock
21 silly lockFile e5bca250-karma-ng-scenario karma-ng-scenario
22 verbose lock karma-ng-scenario /home/ykyoon/.npm/e5bca250-karma-ng-scenario.lock
23 silly lockFile 707ccff9-grunt-karma grunt-karma
24 silly lockFile 707ccff9-grunt-karma grunt-karma
25 silly lockFile 18de6d31-karma-ng-html2js-preprocessor karma-ng-html2js-preprocessor
26 silly lockFile 18de6d31-karma-ng-html2js-preprocessor karma-ng-html2js-preprocessor
27 silly lockFile e5bca250-karma-ng-scenario karma-ng-scenario
28 silly lockFile e5bca250-karma-ng-scenario karma-ng-scenario
29 verbose addNamed [ 'grunt-karma', '' ]
30 verbose addNamed [ null, '*' ]
31 silly lockFile 94531edb-grunt-karma grunt-karma@
32 verbose lock grunt-karma@ /home/ykyoon/.npm/94531edb-grunt-karma.lock
33 verbose addNamed [ 'karma-ng-html2js-preprocessor', '' ]
34 verbose addNamed [ null, '*' ]
35 silly lockFile 9f59274a-karma-ng-html2js-preprocessor karma-ng-html2js-preprocessor@
36 verbose lock karma-ng-html2js-preprocessor@ /home/ykyoon/.npm/9f59274a-karma-ng-html2js-preprocessor.lock
37 verbose addNamed [ 'karma-ng-scenario', '' ]
38 verbose addNamed [ null, '*' ]
39 silly lockFile 4f100e2f-karma-ng-scenario karma-ng-scenario@
40 verbose lock karma-ng-scenario@ /home/ykyoon/.npm/4f100e2f-karma-ng-scenario.lock
41 silly addNameRange { name: 'grunt-karma', range: '*', hasData: false }
42 silly addNameRange { name: 'karma-ng-html2js-preprocessor',
42 silly addNameRange   range: '*',
42 silly addNameRange   hasData: false }
43 silly addNameRange { name: 'karma-ng-scenario', range: '*', hasData: false }
44 verbose url raw karma-ng-scenario
45 verbose url resolving [ 'https://registry.npmjs.org/', './karma-ng-scenario' ]
46 verbose url resolved https://registry.npmjs.org/karma-ng-scenario
47 info trying registry request attempt 1 at 11:13:39
48 verbose etag "5WK8F1IVMOY295GYAYTKPU94I"
49 http GET https://registry.npmjs.org/karma-ng-scenario
50 verbose url raw karma-ng-html2js-preprocessor
51 verbose url resolving [ 'https://registry.npmjs.org/',
51 verbose url resolving   './karma-ng-html2js-preprocessor' ]
52 verbose url resolved https://registry.npmjs.org/karma-ng-html2js-preprocessor
53 info trying registry request attempt 1 at 11:13:39
54 verbose etag "6KUUXNBM2HIYFFM70BDUG35K4"
55 http GET https://registry.npmjs.org/karma-ng-html2js-preprocessor
56 verbose url raw grunt-karma
57 verbose url resolving [ 'https://registry.npmjs.org/', './grunt-karma' ]
58 verbose url resolved https://registry.npmjs.org/grunt-karma
59 info trying registry request attempt 1 at 11:13:39
60 verbose etag "CQ0NUDWK97MQKUE65UJ3UYX67"
61 http GET https://registry.npmjs.org/grunt-karma
62 http 304 https://registry.npmjs.org/karma-ng-scenario
63 silly registry.get cb [ 304,
63 silly registry.get   { server: 'CouchDB/1.3.1 (Erlang OTP/R15B03)',
63 silly registry.get     etag: '"5WK8F1IVMOY295GYAYTKPU94I"',
63 silly registry.get     date: 'Wed, 20 Nov 2013 02:13:40 GMT',
63 silly registry.get     'content-length': '0' } ]
64 verbose etag karma-ng-scenario from cache
65 silly addNameRange number 2 { name: 'karma-ng-scenario', range: '*', hasData: true }
66 silly addNameRange versions [ 'karma-ng-scenario', [ '0.0.1', '0.0.2', '0.1.0' ] ]
67 verbose addNamed [ 'karma-ng-scenario', '0.1.0' ]
68 verbose addNamed [ '0.1.0', '0.1.0' ]
69 silly lockFile f90b10d8-karma-ng-scenario-0-1-0 karma-ng-scenario@0.1.0
70 verbose lock karma-ng-scenario@0.1.0 /home/ykyoon/.npm/f90b10d8-karma-ng-scenario-0-1-0.lock
71 silly lockFile f90b10d8-karma-ng-scenario-0-1-0 karma-ng-scenario@0.1.0
72 silly lockFile f90b10d8-karma-ng-scenario-0-1-0 karma-ng-scenario@0.1.0
73 silly lockFile 4f100e2f-karma-ng-scenario karma-ng-scenario@
74 silly lockFile 4f100e2f-karma-ng-scenario karma-ng-scenario@
75 http 304 https://registry.npmjs.org/karma-ng-html2js-preprocessor
76 silly registry.get cb [ 304,
76 silly registry.get   { server: 'CouchDB/1.5.0 (Erlang OTP/R15B03)',
76 silly registry.get     etag: '"6KUUXNBM2HIYFFM70BDUG35K4"',
76 silly registry.get     date: 'Wed, 20 Nov 2013 02:13:40 GMT',
76 silly registry.get     'content-length': '0' } ]
77 verbose etag karma-ng-html2js-preprocessor from cache
78 silly addNameRange number 2 { name: 'karma-ng-html2js-preprocessor',
78 silly addNameRange   range: '*',
78 silly addNameRange   hasData: true }
79 silly addNameRange versions [ 'karma-ng-html2js-preprocessor',
79 silly addNameRange   [ '0.0.1', '0.0.2', '0.0.3', '0.0.4', '0.1.0' ] ]
80 verbose addNamed [ 'karma-ng-html2js-preprocessor', '0.1.0' ]
81 verbose addNamed [ '0.1.0', '0.1.0' ]
82 silly lockFile b1e18fdd-ma-ng-html2js-preprocessor-0-1-0 karma-ng-html2js-preprocessor@0.1.0
83 verbose lock karma-ng-html2js-preprocessor@0.1.0 /home/ykyoon/.npm/b1e18fdd-ma-ng-html2js-preprocessor-0-1-0.lock
84 silly lockFile dcc56787-g-html2js-preprocessor-0-1-0-tgz https://registry.npmjs.org/karma-ng-html2js-preprocessor/-/karma-ng-html2js-preprocessor-0.1.0.tgz
85 verbose lock https://registry.npmjs.org/karma-ng-html2js-preprocessor/-/karma-ng-html2js-preprocessor-0.1.0.tgz /home/ykyoon/.npm/dcc56787-g-html2js-preprocessor-0-1-0-tgz.lock
86 verbose addRemoteTarball [ 'https://registry.npmjs.org/karma-ng-html2js-preprocessor/-/karma-ng-html2js-preprocessor-0.1.0.tgz',
86 verbose addRemoteTarball   '80c52f533108359b13963337430da3843b626706' ]
87 silly lockFile dcc56787-g-html2js-preprocessor-0-1-0-tgz https://registry.npmjs.org/karma-ng-html2js-preprocessor/-/karma-ng-html2js-preprocessor-0.1.0.tgz
88 silly lockFile dcc56787-g-html2js-preprocessor-0-1-0-tgz https://registry.npmjs.org/karma-ng-html2js-preprocessor/-/karma-ng-html2js-preprocessor-0.1.0.tgz
89 silly lockFile b1e18fdd-ma-ng-html2js-preprocessor-0-1-0 karma-ng-html2js-preprocessor@0.1.0
90 silly lockFile b1e18fdd-ma-ng-html2js-preprocessor-0-1-0 karma-ng-html2js-preprocessor@0.1.0
91 silly lockFile 9f59274a-karma-ng-html2js-preprocessor karma-ng-html2js-preprocessor@
92 silly lockFile 9f59274a-karma-ng-html2js-preprocessor karma-ng-html2js-preprocessor@
93 error Error: EACCES, mkdir '/home/ykyoon/tmp/npm-7112-LDeedrDi'
93 error  { [Error: EACCES, mkdir '/home/ykyoon/tmp/npm-7112-LDeedrDi']
93 error   errno: 3,
93 error   code: 'EACCES',
93 error   path: '/home/ykyoon/tmp/npm-7112-LDeedrDi' }
94 error Please try running this command again as root/Administrator.
95 error System Linux 3.8.0-19-generic
96 error command "/usr/local/bin/node" "/usr/local/bin/npm" "install" "grunt-karma" "karma-ng-html2js-preprocessor" "karma-ng-scenario" "--save-dev"
97 error cwd /home/ykyoon/dev/code/commonApp_java/publicWeb
98 error node -v v0.10.21
99 error npm -v 1.3.11
100 error path /home/ykyoon/tmp/npm-7112-LDeedrDi
101 error code EACCES
102 error errno 3
103 error stack Error: EACCES, mkdir '/home/ykyoon/tmp/npm-7112-LDeedrDi'
104 verbose exit [ 3, true ]
